<?xml version="1.0" encoding="utf-8"?><testsuites name="pytest tests"><testsuite name="pytest" errors="0" failures="0" skipped="0" tests="17" time="65.717" timestamp="2026-03-14T17:00:19.933776+00:00" hostname="agent-env-a94efdce-f2fe-4bb4-aa83-9b9885354946"><testcase classname="tests.test_xova_api.TestHealthCheck" name="test_api_root_health" time="0.309" /><testcase classname="tests.test_xova_api.TestAuthentication" name="test_auth_me_with_valid_token" time="0.144" /><testcase classname="tests.test_xova_api.TestAuthentication" name="test_auth_me_without_token" time="0.168" /><testcase classname="tests.test_xova_api.TestDashboard" name="test_dashboard_data" time="0.144" /><testcase classname="tests.test_xova_api.TestAptitudeSystem" name="test_aptitude_topics_count" time="0.101" /><testcase classname="tests.test_xova_api.TestAptitudeSystem" name="test_aptitude_probability_questions" time="8.603" /><testcase classname="tests.test_xova_api.TestAptitudeSystem" name="test_aptitude_submit_answer" time="0.316" /><testcase classname="tests.test_xova_api.TestChat" name="test_chat_send_message" time="5.508" /><testcase classname="tests.test_xova_api.TestChat" name="test_chat_history" time="0.121" /><testcase classname="tests.test_xova_api.TestInterview" name="test_interview_generate_question" time="3.450" /><testcase classname="tests.test_xova_api.TestInterview" name="test_interview_evaluate_answer" time="5.606" /><testcase classname="tests.test_xova_api.TestCareerGuidance" name="test_career_guidance" time="19.412" /><testcase classname="tests.test_xova_api.TestStartupMentor" name="test_startup_advice" time="21.236" /><testcase classname="tests.test_xova_api.TestUserProfile" name="test_user_profile" time="0.211" /><testcase classname="tests.test_xova_api.TestUserProfile" name="test_user_credits" time="0.117" /><testcase classname="tests.test_xova_api.TestUserProfile" name="test_user_settings_update" time="0.109" /><testcase classname="tests.test_xova_api.TestUserProfile" name="test_user_upgrade_plan" time="0.107" /></testsuite></testsuites>