<?xml version="1.0" encoding="utf-8"?><testsuites name="pytest tests"><testsuite name="pytest" errors="0" failures="0" skipped="0" tests="19" time="16.502" timestamp="2026-03-14T17:31:26.066628+00:00" hostname="agent-env-a94efdce-f2fe-4bb4-aa83-9b9885354946"><testcase classname="tests.test_xova_api.TestHealthCheck" name="test_api_root_health" time="0.208" /><testcase classname="tests.test_xova_api.TestAuthentication" name="test_auth_me_with_valid_token" time="0.148" /><testcase classname="tests.test_xova_api.TestAuthentication" name="test_auth_me_without_token" time="0.170" /><testcase classname="tests.test_xova_api.TestDashboard" name="test_dashboard_data" time="0.098" /><testcase classname="tests.test_xova_api.TestAptitudeSystem" name="test_aptitude_topics_count" time="0.136" /><testcase classname="tests.test_xova_api.TestAptitudeSystem" name="test_aptitude_probability_questions" time="0.117" /><testcase classname="tests.test_xova_api.TestAptitudeSystem" name="test_aptitude_submit_answer" time="0.159" /><testcase classname="tests.test_xova_api.TestChat" name="test_chat_send_message" time="2.662" /><testcase classname="tests.test_xova_api.TestChat" name="test_chat_history" time="0.110" /><testcase classname="tests.test_xova_api.TestInterview" name="test_interview_generate_question" time="2.438" /><testcase classname="tests.test_xova_api.TestInterview" name="test_interview_evaluate_answer" time="2.454" /><testcase classname="tests.test_xova_api.TestCareerGuidance" name="test_career_guidance" time="4.198" /><testcase classname="tests.test_xova_api.TestStartupMentor" name="test_startup_advice" time="2.589" /><testcase classname="tests.test_xova_api.TestUserProfile" name="test_user_profile" time="0.103" /><testcase classname="tests.test_xova_api.TestUserProfile" name="test_user_credits" time="0.287" /><testcase classname="tests.test_xova_api.TestUserProfile" name="test_user_settings_update" time="0.101" /><testcase classname="tests.test_xova_api.TestUserProfile" name="test_user_upgrade_plan" time="0.143" /><testcase classname="tests.test_xova_api.TestTTSAndVoices" name="test_voices_list" time="0.107" /><testcase classname="tests.test_xova_api.TestTTSAndVoices" name="test_tts_generate_expected_failure" time="0.195" /></testsuite></testsuites>